Using pre-set license
Built from '2020.3/staging' branch; Version is '2020.3.23f1 (c5d91304a876) revision 12966163'; Using compiler version '192528614'; Build Type 'Release'
OS: 'Windows 10 Pro; OS build 19044.1466; Version 2009; 64bit' Language: 'pl' Physical Memory: 16313 MB
BatchMode: 1, IsHumanControllingUs: 0, StartBugReporterOnCrash: 0, Is64bit: 1, IsPro: 0

COMMAND LINE ARGUMENTS:
C:\Program Files\Unity\Hub\Editor\2020.3.23f1\Editor\Unity.exe
-adb2
-batchMode
-noUpm
-name
AssetImportWorker0
-projectPath
C:/Users/Kacper/Desktop/Programowanie/Unity/Unity-GTA/GTA 3D
-logFile
Logs/AssetImportWorker0.log
-srvPort
51663
Successfully changed project path to: C:/Users/Kacper/Desktop/Programowanie/Unity/Unity-GTA/GTA 3D
C:/Users/Kacper/Desktop/Programowanie/Unity/Unity-GTA/GTA 3D
Using Asset Import Pipeline V2.
Refreshing native plugins compatible for Editor in 102.76 ms, found 2 plugins.
Preloading 0 native plugins for Editor in 0.00 ms.
Initialize engine version: 2020.3.23f1 (c5d91304a876)
[Subsystems] Discovering subsystems at path C:/Program Files/Unity/Hub/Editor/2020.3.23f1/Editor/Data/Resources/UnitySubsystems
[Subsystems] Discovering subsystems at path C:/Users/Kacper/Desktop/Programowanie/Unity/Unity-GTA/GTA 3D/Assets
GfxDevice: creating device client; threaded=0
Direct3D:
    Version:  Direct3D 11.0 [level 11.1]
    Renderer: NVIDIA GeForce GTX 1660 SUPER (ID=0x21c4)
    Vendor:   
    VRAM:     5991 MB
    Driver:   30.0.14.9649
Initialize mono
Mono path[0] = 'C:/Program Files/Unity/Hub/Editor/2020.3.23f1/Editor/Data/Managed'
Mono path[1] = 'C:/Program Files/Unity/Hub/Editor/2020.3.23f1/Editor/Data/MonoBleedingEdge/lib/mono/unityjit'
Mono config path = 'C:/Program Files/Unity/Hub/Editor/2020.3.23f1/Editor/Data/MonoBleedingEdge/etc'
Using monoOptions --debugger-agent=transport=dt_socket,embedding=1,server=y,suspend=n,address=127.0.0.1:56224
Begin MonoManager ReloadAssembly
Registering precompiled unity dll's ...
Register platform support module: C:/Program Files/Unity/Hub/Editor/2020.3.23f1/Editor/Data/PlaybackEngines/WindowsStandaloneSupport/UnityEditor.WindowsStandalone.Extensions.dll
Registered in 0.002491 seconds.
Native extension for WindowsStandalone target not found
Refreshing native plugins compatible for Editor in 105.53 ms, found 2 plugins.
Preloading 0 native plugins for Editor in 0.00 ms.
Mono: successfully reloaded assembly
- Completed reload, in  0.854 seconds
Domain Reload Profiling:
	ReloadAssembly (855ms)
		BeginReloadAssembly (71ms)
			ExecutionOrderSort (0ms)
			DisableScriptedObjects (0ms)
			BackupInstance (0ms)
			ReleaseScriptingObjects (0ms)
			CreateAndSetChildDomain (1ms)
		EndReloadAssembly (665ms)
			LoadAssemblies (69ms)
			RebuildTransferFunctionScriptingTraits (0ms)
			SetupTypeCache (183ms)
			ReleaseScriptCaches (0ms)
			RebuildScriptCaches (49ms)
			SetupLoadedEditorAssemblies (302ms)
				LogAssemblyErrors (0ms)
				InitializePlatformSupportModulesInManaged (6ms)
				SetLoadedEditorAssemblies (0ms)
				RefreshPlugins (106ms)
				BeforeProcessingInitializeOnLoad (23ms)
				ProcessInitializeOnLoadAttributes (128ms)
				ProcessInitializeOnLoadMethodAttributes (38ms)
				AfterProcessingInitializeOnLoad (0ms)
				EditorAssembliesLoaded (0ms)
			ExecutionOrderSort2 (0ms)
			AwakeInstancesAfterBackupRestoration (0ms)
Platform modules already initialized, skipping
Registering precompiled user dll's ...
Registered in 0.014140 seconds.
Begin MonoManager ReloadAssembly
Native extension for WindowsStandalone target not found
Refreshing native plugins compatible for Editor in 97.93 ms, found 2 plugins.
Preloading 0 native plugins for Editor in 0.00 ms.
Mono: successfully reloaded assembly
- Completed reload, in  2.327 seconds
Domain Reload Profiling:
	ReloadAssembly (2329ms)
		BeginReloadAssembly (193ms)
			ExecutionOrderSort (0ms)
			DisableScriptedObjects (7ms)
			BackupInstance (0ms)
			ReleaseScriptingObjects (0ms)
			CreateAndSetChildDomain (25ms)
		EndReloadAssembly (2034ms)
			LoadAssemblies (124ms)
			RebuildTransferFunctionScriptingTraits (0ms)
			SetupTypeCache (407ms)
			ReleaseScriptCaches (1ms)
			RebuildScriptCaches (80ms)
			SetupLoadedEditorAssemblies (1295ms)
				LogAssemblyErrors (0ms)
				InitializePlatformSupportModulesInManaged (4ms)
				SetLoadedEditorAssemblies (0ms)
				RefreshPlugins (98ms)
				BeforeProcessingInitializeOnLoad (93ms)
				ProcessInitializeOnLoadAttributes (947ms)
				ProcessInitializeOnLoadMethodAttributes (142ms)
				AfterProcessingInitializeOnLoad (11ms)
				EditorAssembliesLoaded (1ms)
			ExecutionOrderSort2 (0ms)
			AwakeInstancesAfterBackupRestoration (7ms)
Platform modules already initialized, skipping
========================================================================
Worker process is ready to serve import requests
Launched and connected shader compiler UnityShaderCompiler.exe after 0.07 seconds
Refreshing native plugins compatible for Editor in 1.27 ms, found 2 plugins.
Preloading 0 native plugins for Editor in 0.00 ms.
Unloading 2021 Unused Serialized files (Serialized files now loaded: 0)
System memory in use before: 104.3 MB.
System memory in use after: 104.4 MB.

Unloading 34 unused Assets to reduce memory usage. Loaded Objects now: 2508.
Total: 35.817100 ms (FindLiveObjects: 0.420600 ms CreateObjectMapping: 0.154000 ms MarkObjects: 35.109100 ms  DeleteObjects: 0.131000 ms)

AssetImportParameters requested are different than current active one (requested -> active):
  requireTextureImportCompression: false -> true
  custom:framework-win-MediaFoundation: 216162199b28c13a410421893ffa2e32 -> 
  custom:video-decoder-ogg-theora: a1e56fd34408186e4bbccfd4996cb3dc -> 
  custom:container-muxer-webm: aa71ff27fc2769a1b78a27578f13a17b -> 
  custom:container-demuxer-webm: 4f35f7cbe854078d1ac9338744f61a02 -> 
  custom:container-demuxer-ogg: 62fdf1f143b41e24485cea50d1cbac27 -> 
  custom:video-encoder-webm-vp8: eb34c28f22e8b96e1ab97ce403110664 -> 
  custom:video-decoder-webm-vp8: 9c59270c3fd7afecdb556c50c9e8de78 -> 
  custom:audio-decoder-ogg-vorbis: bf7c407c2cedff20999df2af8eb42d56 -> 
  custom:audio-encoder-webm-vorbis: bf7c407c2cedff20999df2af8eb42d56 -> 
========================================================================
Received Import Request.
  path: Assets/Packages/64 flat icons/png/128px/Rewards_Gift.png
  artifactKey: Guid(851ed1ea514e09841b708d12c6309261) Importer(815301076,1909f56bfc062723c751e8b465ee728b)
Start importing Assets/Packages/64 flat icons/png/128px/Rewards_Gift.png using Guid(851ed1ea514e09841b708d12c6309261) Importer(815301076,1909f56bfc062723c751e8b465ee728b)  -> (artifact id: '9d624e60b7d391d9af1e4af30600cb89') in 0.178143 seconds 
  Import took 0.182867 seconds .

========================================================================
Received Import Request.
  Time since last request: 0.000350 seconds.
  path: Assets/Packages/64 flat icons/png/32px/World_Flag.png
  artifactKey: Guid(545b4b45fca1f344195f6673e6e6535a) Importer(815301076,1909f56bfc062723c751e8b465ee728b)
Start importing Assets/Packages/64 flat icons/png/32px/World_Flag.png using Guid(545b4b45fca1f344195f6673e6e6535a) Importer(815301076,1909f56bfc062723c751e8b465ee728b)  -> (artifact id: '761f40e814cfc67c823645e3865a85a0') in 0.028849 seconds 
  Import took 0.033566 seconds .

========================================================================
Received Import Request.
  Time since last request: 0.000217 seconds.
  path: Assets/Packages/64 flat icons/png/64px/Weapons_Sword.png
  artifactKey: Guid(f742aa32737423346b5593e68ef83d2a) Importer(815301076,1909f56bfc062723c751e8b465ee728b)
Start importing Assets/Packages/64 flat icons/png/64px/Weapons_Sword.png using Guid(f742aa32737423346b5593e68ef83d2a) Importer(815301076,1909f56bfc062723c751e8b465ee728b)  -> (artifact id: 'f95ebfa9ef5e13192b54a3ddb1128c67') in 0.028934 seconds 
  Import took 0.033629 seconds .

========================================================================
Received Import Request.
  Time since last request: 0.000275 seconds.
  path: Assets/Packages/64 flat icons/png/32px/UI_Mouse.png
  artifactKey: Guid(8a7c51e1a99ec6649ab7ed2053b84668) Importer(815301076,1909f56bfc062723c751e8b465ee728b)
Start importing Assets/Packages/64 flat icons/png/32px/UI_Mouse.png using Guid(8a7c51e1a99ec6649ab7ed2053b84668) Importer(815301076,1909f56bfc062723c751e8b465ee728b)  -> (artifact id: '6e3f8c960cb4cf959a9370e9ff0d89c9') in 0.030396 seconds 
  Import took 0.035031 seconds .

========================================================================
Received Import Request.
  Time since last request: 0.000236 seconds.
  path: Assets/Packages/64 flat icons/png/128px/Weapons_Axe.png
  artifactKey: Guid(2d6c18889d4c4034d9740940e69ccf7f) Importer(815301076,1909f56bfc062723c751e8b465ee728b)
Start importing Assets/Packages/64 flat icons/png/128px/Weapons_Axe.png using Guid(2d6c18889d4c4034d9740940e69ccf7f) Importer(815301076,1909f56bfc062723c751e8b465ee728b)  -> (artifact id: 'da5b2bef83e20288d77719e3bbd092d8') in 0.023994 seconds 
  Import took 0.028230 seconds .

========================================================================
Received Import Request.
  Time since last request: 0.000292 seconds.
  path: Assets/Packages/64 flat icons/png/128px/Tools_Shovel.png
  artifactKey: Guid(46c218202115b9c4ca2a36ac073a5bd7) Importer(815301076,1909f56bfc062723c751e8b465ee728b)
Start importing Assets/Packages/64 flat icons/png/128px/Tools_Shovel.png using Guid(46c218202115b9c4ca2a36ac073a5bd7) Importer(815301076,1909f56bfc062723c751e8b465ee728b)  -> (artifact id: 'aabd3dadab691055095faf3167c70bfd') in 0.024658 seconds 
  Import took 0.030480 seconds .

========================================================================
Received Import Request.
  Time since last request: 0.000340 seconds.
  path: Assets/Packages/64 flat icons/png/64px/World_Flag.png
  artifactKey: Guid(f9a52bd22e3babb45a04704051e82a64) Importer(815301076,1909f56bfc062723c751e8b465ee728b)
Start importing Assets/Packages/64 flat icons/png/64px/World_Flag.png using Guid(f9a52bd22e3babb45a04704051e82a64) Importer(815301076,1909f56bfc062723c751e8b465ee728b)  -> (artifact id: '953f67eb458c7d08e893e983d3912746') in 0.024657 seconds 
  Import took 0.028976 seconds .

========================================================================
Received Import Request.
  Time since last request: 0.000216 seconds.
  path: Assets/Packages/64 flat icons/png/128px/Rewards_Star.png
  artifactKey: Guid(979ebd494dee4ff45826fbbc68fb8748) Importer(815301076,1909f56bfc062723c751e8b465ee728b)
Start importing Assets/Packages/64 flat icons/png/128px/Rewards_Star.png using Guid(979ebd494dee4ff45826fbbc68fb8748) Importer(815301076,1909f56bfc062723c751e8b465ee728b)  -> (artifact id: '5cf6017478a8fb12a61e53233698ce0d') in 0.029907 seconds 
  Import took 0.035250 seconds .

========================================================================
Received Import Request.
  Time since last request: 0.000290 seconds.
  path: Assets/Packages/64 flat icons/png/64px/UI_Gamepad.png
  artifactKey: Guid(9b20067f62f10a94582bbab7952f0afd) Importer(815301076,1909f56bfc062723c751e8b465ee728b)
Start importing Assets/Packages/64 flat icons/png/64px/UI_Gamepad.png using Guid(9b20067f62f10a94582bbab7952f0afd) Importer(815301076,1909f56bfc062723c751e8b465ee728b)  -> (artifact id: '77f5a84d272cb7f2ef934cef39e3c5b8') in 0.025801 seconds 
  Import took 0.030887 seconds .

========================================================================
Received Import Request.
  Time since last request: 0.000291 seconds.
  path: Assets/Packages/64 flat icons/png/32px/Weapons_Hammer.png
  artifactKey: Guid(72f39aa891422b94ca46156765fa0963) Importer(815301076,1909f56bfc062723c751e8b465ee728b)
Start importing Assets/Packages/64 flat icons/png/32px/Weapons_Hammer.png using Guid(72f39aa891422b94ca46156765fa0963) Importer(815301076,1909f56bfc062723c751e8b465ee728b)  -> (artifact id: '3c5925bf809c0027badb126674f77c54') in 0.022510 seconds 
  Import took 0.026633 seconds .

========================================================================
Received Import Request.
  Time since last request: 0.000274 seconds.
  path: Assets/Packages/64 flat icons/png/64px/Tools_Hammer.png
  artifactKey: Guid(1989f5e79d7f0b1499906e1d4f6fef45) Importer(815301076,1909f56bfc062723c751e8b465ee728b)
Start importing Assets/Packages/64 flat icons/png/64px/Tools_Hammer.png using Guid(1989f5e79d7f0b1499906e1d4f6fef45) Importer(815301076,1909f56bfc062723c751e8b465ee728b)  -> (artifact id: '2521c9cd09b1deebe0ab6bc943426995') in 0.028966 seconds 
  Import took 0.033372 seconds .

========================================================================
Received Import Request.
  Time since last request: 0.000491 seconds.
  path: Assets/Packages/64 flat icons/png/128px/Rewards_MedalStar.png
  artifactKey: Guid(64cf9451d1dcc9847bc0719277c9f815) Importer(815301076,1909f56bfc062723c751e8b465ee728b)
Start importing Assets/Packages/64 flat icons/png/128px/Rewards_MedalStar.png using Guid(64cf9451d1dcc9847bc0719277c9f815) Importer(815301076,1909f56bfc062723c751e8b465ee728b)  -> (artifact id: '6d4633fb849d55c5902e13aca2a026e5') in 0.024989 seconds 
  Import took 0.029241 seconds .

========================================================================
Received Import Request.
  Time since last request: 0.000244 seconds.
  path: Assets/Packages/64 flat icons/png/32px/Weapons_Gun.png
  artifactKey: Guid(46b73b3bf3df587488dd1ecfd8d0a4fe) Importer(815301076,1909f56bfc062723c751e8b465ee728b)
Start importing Assets/Packages/64 flat icons/png/32px/Weapons_Gun.png using Guid(46b73b3bf3df587488dd1ecfd8d0a4fe) Importer(815301076,1909f56bfc062723c751e8b465ee728b)  -> (artifact id: 'ad39f44efa5058b4d0b5371a97a212f2') in 0.024457 seconds 
  Import took 0.028559 seconds .

========================================================================
Received Import Request.
  Time since last request: 0.000207 seconds.
  path: Assets/Packages/64 flat icons/png/64px/Rewards_Star.png
  artifactKey: Guid(eed932db7b3aaf140bf4c4908339ba49) Importer(815301076,1909f56bfc062723c751e8b465ee728b)
Start importing Assets/Packages/64 flat icons/png/64px/Rewards_Star.png using Guid(eed932db7b3aaf140bf4c4908339ba49) Importer(815301076,1909f56bfc062723c751e8b465ee728b)  -> (artifact id: '358764e5766059d46515ee87e6440d3d') in 0.021708 seconds 
  Import took 0.026065 seconds .

========================================================================
Received Import Request.
  Time since last request: 0.000264 seconds.
  path: Assets/Packages/64 flat icons/png/32px/Weapons_Sword.png
  artifactKey: Guid(629ea3e56e6ceb04886b3c957b331eec) Importer(815301076,1909f56bfc062723c751e8b465ee728b)
Start importing Assets/Packages/64 flat icons/png/32px/Weapons_Sword.png using Guid(629ea3e56e6ceb04886b3c957b331eec) Importer(815301076,1909f56bfc062723c751e8b465ee728b)  -> (artifact id: '34e7d6bfeffdbb687142c1a9a4fc07f0') in 0.021855 seconds 
  Import took 0.026824 seconds .

========================================================================
Received Import Request.
  Time since last request: 0.000296 seconds.
  path: Assets/Packages/64 flat icons/png/128px/World_RoseOfWinds.png
  artifactKey: Guid(dd5f969b183ff134cab371e3d2148d59) Importer(815301076,1909f56bfc062723c751e8b465ee728b)
Start importing Assets/Packages/64 flat icons/png/128px/World_RoseOfWinds.png using Guid(dd5f969b183ff134cab371e3d2148d59) Importer(815301076,1909f56bfc062723c751e8b465ee728b)  -> (artifact id: '38844196a544b9f60589563e5a76fcb4') in 0.028807 seconds 
  Import took 0.033684 seconds .

========================================================================
Received Import Request.
  Time since last request: 0.000223 seconds.
  path: Assets/Packages/64 flat icons/png/32px/Tools_Saw.png
  artifactKey: Guid(be864dd3d48f660449718b3d57c2b46d) Importer(815301076,1909f56bfc062723c751e8b465ee728b)
Start importing Assets/Packages/64 flat icons/png/32px/Tools_Saw.png using Guid(be864dd3d48f660449718b3d57c2b46d) Importer(815301076,1909f56bfc062723c751e8b465ee728b)  -> (artifact id: '5ca3f5a7e77b96acd915e51bf32933f6') in 0.027312 seconds 
  Import took 0.031403 seconds .

========================================================================
Received Import Request.
  Time since last request: 0.000264 seconds.
  path: Assets/Packages/64 flat icons/png/64px/Weapons_Hammer.png
  artifactKey: Guid(b7198fa67492a7d4ea1bb6d1c9e9d38b) Importer(815301076,1909f56bfc062723c751e8b465ee728b)
Start importing Assets/Packages/64 flat icons/png/64px/Weapons_Hammer.png using Guid(b7198fa67492a7d4ea1bb6d1c9e9d38b) Importer(815301076,1909f56bfc062723c751e8b465ee728b)  -> (artifact id: '00c7096ba3505f35f3b5be7db7b8270d') in 0.025375 seconds 
  Import took 0.030443 seconds .

========================================================================
Received Import Request.
  Time since last request: 0.000318 seconds.
  path: Assets/Packages/64 flat icons/png/128px/Rewards_MedalRibbon.png
  artifactKey: Guid(dd553d568ce1b2142b3f4a076626a3c2) Importer(815301076,1909f56bfc062723c751e8b465ee728b)
Start importing Assets/Packages/64 flat icons/png/128px/Rewards_MedalRibbon.png using Guid(dd553d568ce1b2142b3f4a076626a3c2) Importer(815301076,1909f56bfc062723c751e8b465ee728b)  -> (artifact id: '8e604d9c600bedbab0f81793e6cd698a') in 0.037517 seconds 
  Import took 0.042963 seconds .

========================================================================
Received Import Request.
  Time since last request: 0.000246 seconds.
  path: Assets/Packages/64 flat icons/png/64px/Weapons_Gun.png
  artifactKey: Guid(8c5d5b7455900fb41b8fb3ffb5f27c2a) Importer(815301076,1909f56bfc062723c751e8b465ee728b)
Start importing Assets/Packages/64 flat icons/png/64px/Weapons_Gun.png using Guid(8c5d5b7455900fb41b8fb3ffb5f27c2a) Importer(815301076,1909f56bfc062723c751e8b465ee728b)  -> (artifact id: '5a6eb03680a58e497a7a5934294c0c6d') in 0.029659 seconds 
  Import took 0.034795 seconds .

========================================================================
Received Import Request.
  Time since last request: 0.000230 seconds.
  path: Assets/Packages/64 flat icons/png/128px/World_Gate.png
  artifactKey: Guid(f848b6032fa128148a6ab201393c0893) Importer(815301076,1909f56bfc062723c751e8b465ee728b)
Start importing Assets/Packages/64 flat icons/png/128px/World_Gate.png using Guid(f848b6032fa128148a6ab201393c0893) Importer(815301076,1909f56bfc062723c751e8b465ee728b)  -> (artifact id: 'f9c3c0ca400aa992e1b35a85083b427d') in 0.027520 seconds 
  Import took 0.032788 seconds .

========================================================================
Received Import Request.
  Time since last request: 0.000311 seconds.
  path: Assets/Packages/64 flat icons/png/128px/Weapons_Hammer.png
  artifactKey: Guid(b7a9eb8f6c1eb2647972fa935e6520d1) Importer(815301076,1909f56bfc062723c751e8b465ee728b)
Start importing Assets/Packages/64 flat icons/png/128px/Weapons_Hammer.png using Guid(b7a9eb8f6c1eb2647972fa935e6520d1) Importer(815301076,1909f56bfc062723c751e8b465ee728b)  -> (artifact id: 'f2c491555b0dbf397c4db6ab14648d2e') in 0.026084 seconds 
  Import took 0.030526 seconds .

========================================================================
Received Import Request.
  Time since last request: 0.000217 seconds.
  path: Assets/Packages/64 flat icons/png/64px/World_Gate.png
  artifactKey: Guid(b10df667b6e466a459bcd579f2592e51) Importer(815301076,1909f56bfc062723c751e8b465ee728b)
Start importing Assets/Packages/64 flat icons/png/64px/World_Gate.png using Guid(b10df667b6e466a459bcd579f2592e51) Importer(815301076,1909f56bfc062723c751e8b465ee728b)  -> (artifact id: 'aaef7cf5b4da17ca995bacd949c5135a') in 0.022161 seconds 
  Import took 0.026650 seconds .

========================================================================
Received Import Request.
  Time since last request: 0.000264 seconds.
  path: Assets/Packages/64 flat icons/png/32px/Tools_Shovel.png
  artifactKey: Guid(c674b916e81b54442b5fa3c58cbabcc7) Importer(815301076,1909f56bfc062723c751e8b465ee728b)
Start importing Assets/Packages/64 flat icons/png/32px/Tools_Shovel.png using Guid(c674b916e81b54442b5fa3c58cbabcc7) Importer(815301076,1909f56bfc062723c751e8b465ee728b)  -> (artifact id: '7cad8c6823bf578d29b7b4a03c8189a1') in 0.025736 seconds 
  Import took 0.032075 seconds .

========================================================================
Received Import Request.
  Time since last request: 0.000238 seconds.
  path: Assets/Packages/64 flat icons/png/32px/World_Gate.png
  artifactKey: Guid(3fc5fae7d43e04f429f30a98262aa48f) Importer(815301076,1909f56bfc062723c751e8b465ee728b)
Start importing Assets/Packages/64 flat icons/png/32px/World_Gate.png using Guid(3fc5fae7d43e04f429f30a98262aa48f) Importer(815301076,1909f56bfc062723c751e8b465ee728b)  -> (artifact id: 'b1f868013409572557f1c463135af69a') in 0.026649 seconds 
  Import took 0.034274 seconds .

========================================================================
Received Import Request.
  Time since last request: 0.000203 seconds.
  path: Assets/Packages/64 flat icons/png/128px/Tools_Saw.png
  artifactKey: Guid(0daa9bee085884a4c9cc64c6f758d2b2) Importer(815301076,1909f56bfc062723c751e8b465ee728b)
Start importing Assets/Packages/64 flat icons/png/128px/Tools_Saw.png using Guid(0daa9bee085884a4c9cc64c6f758d2b2) Importer(815301076,1909f56bfc062723c751e8b465ee728b)  -> (artifact id: '2a89e7ba7b49b257fb0efc9b2ff4a40a') in 0.033813 seconds 
  Import took 0.044445 seconds .

========================================================================
Received Import Request.
  Time since last request: 0.000277 seconds.
  path: Assets/Packages/64 flat icons/png/32px/UI_Gamepad.png
  artifactKey: Guid(f29d7c28e28eced44aad5ed370c1c99a) Importer(815301076,1909f56bfc062723c751e8b465ee728b)
Start importing Assets/Packages/64 flat icons/png/32px/UI_Gamepad.png using Guid(f29d7c28e28eced44aad5ed370c1c99a) Importer(815301076,1909f56bfc062723c751e8b465ee728b)  -> (artifact id: '32564144473a14b38332253e2cc765cc') in 0.035509 seconds 
  Import took 0.042130 seconds .

========================================================================
Received Import Request.
  Time since last request: 0.000226 seconds.
  path: Assets/Packages/64 flat icons/png/128px/Rewards_Diamond.png
  artifactKey: Guid(b788e695e23fe864794999e8c5524090) Importer(815301076,1909f56bfc062723c751e8b465ee728b)
Start importing Assets/Packages/64 flat icons/png/128px/Rewards_Diamond.png using Guid(b788e695e23fe864794999e8c5524090) Importer(815301076,1909f56bfc062723c751e8b465ee728b)  -> (artifact id: '124bc67cfbe488abebd1cf9eb70f9711') in 0.029427 seconds 
  Import took 0.038476 seconds .

========================================================================
Received Import Request.
  Time since last request: 0.000200 seconds.
  path: Assets/Packages/64 flat icons/png/32px/Rewards_MedalStar.png
  artifactKey: Guid(e6f4289f35767a94fbd0c3dabe313d37) Importer(815301076,1909f56bfc062723c751e8b465ee728b)
Start importing Assets/Packages/64 flat icons/png/32px/Rewards_MedalStar.png using Guid(e6f4289f35767a94fbd0c3dabe313d37) Importer(815301076,1909f56bfc062723c751e8b465ee728b)  -> (artifact id: '973c66a2a7b291c106d5ffb83e6032ee') in 0.029679 seconds 
  Import took 0.034869 seconds .

========================================================================
Received Import Request.
  Time since last request: 0.000224 seconds.
  path: Assets/Packages/64 flat icons/png/64px/Weapons_Bow.png
  artifactKey: Guid(6c2f98041cc7369498d8f58228449164) Importer(815301076,1909f56bfc062723c751e8b465ee728b)
Start importing Assets/Packages/64 flat icons/png/64px/Weapons_Bow.png using Guid(6c2f98041cc7369498d8f58228449164) Importer(815301076,1909f56bfc062723c751e8b465ee728b)  -> (artifact id: 'cf8f99b85aab4d6ede8abf2dcd302248') in 0.027311 seconds 
  Import took 0.033618 seconds .

========================================================================
Received Import Request.
  Time since last request: 0.000249 seconds.
  path: Assets/Packages/64 flat icons/png/32px/World_RoseOfWinds.png
  artifactKey: Guid(5fb78e713dca4f041b6ee76893e40714) Importer(815301076,1909f56bfc062723c751e8b465ee728b)
Start importing Assets/Packages/64 flat icons/png/32px/World_RoseOfWinds.png using Guid(5fb78e713dca4f041b6ee76893e40714) Importer(815301076,1909f56bfc062723c751e8b465ee728b)  -> (artifact id: 'cef91dad39da57280af3cc86224f5a07') in 0.031874 seconds 
  Import took 0.039641 seconds .

========================================================================
Received Import Request.
  Time since last request: 0.000270 seconds.
  path: Assets/Packages/64 flat icons/png/32px/Rewards_Star.png
  artifactKey: Guid(3796a3996de37ad45927e2c8170fcf6f) Importer(815301076,1909f56bfc062723c751e8b465ee728b)
Start importing Assets/Packages/64 flat icons/png/32px/Rewards_Star.png using Guid(3796a3996de37ad45927e2c8170fcf6f) Importer(815301076,1909f56bfc062723c751e8b465ee728b)  -> (artifact id: 'c008dc7f24da8dd2cbb6b2afb3bfbbcd') in 0.033726 seconds 
  Import took 0.038812 seconds .

========================================================================
Received Import Request.
  Time since last request: 0.000204 seconds.
  path: Assets/Packages/64 flat icons/png/64px/World_RoseOfWinds.png
  artifactKey: Guid(1d72a592cb331c24885d25523ae8643e) Importer(815301076,1909f56bfc062723c751e8b465ee728b)
Start importing Assets/Packages/64 flat icons/png/64px/World_RoseOfWinds.png using Guid(1d72a592cb331c24885d25523ae8643e) Importer(815301076,1909f56bfc062723c751e8b465ee728b)  -> (artifact id: 'f74ef2eeea3a2c53818db7bfa10cfb84') in 0.022282 seconds 
  Import took 0.027424 seconds .

========================================================================
Received Import Request.
  Time since last request: 0.000280 seconds.
  path: Assets/Packages/64 flat icons/png/128px/Weapons_Bomb.png
  artifactKey: Guid(4431157a7f2973844abd7415c32e8731) Importer(815301076,1909f56bfc062723c751e8b465ee728b)
Start importing Assets/Packages/64 flat icons/png/128px/Weapons_Bomb.png using Guid(4431157a7f2973844abd7415c32e8731) Importer(815301076,1909f56bfc062723c751e8b465ee728b)  -> (artifact id: '218ed281d7d4895173db5b4729ca4a34') in 0.029843 seconds 
  Import took 0.034849 seconds .

========================================================================
Received Import Request.
  Time since last request: 0.000240 seconds.
  path: Assets/Packages/64 flat icons/png/128px/UI_Keyboard.png
  artifactKey: Guid(3fdcb2d7d3a5d304381cc6fd27a777ef) Importer(815301076,1909f56bfc062723c751e8b465ee728b)
Start importing Assets/Packages/64 flat icons/png/128px/UI_Keyboard.png using Guid(3fdcb2d7d3a5d304381cc6fd27a777ef) Importer(815301076,1909f56bfc062723c751e8b465ee728b)  -> (artifact id: '2c5c7dee72462a5dbfa2567fdbc24612') in 0.026347 seconds 
  Import took 0.031063 seconds .

========================================================================
Received Import Request.
  Time since last request: 0.000206 seconds.
  path: Assets/Packages/64 flat icons/png/64px/Weapons_Staff.png
  artifactKey: Guid(f6d9b5a931cf4844888f30f32144af43) Importer(815301076,1909f56bfc062723c751e8b465ee728b)
Start importing Assets/Packages/64 flat icons/png/64px/Weapons_Staff.png using Guid(f6d9b5a931cf4844888f30f32144af43) Importer(815301076,1909f56bfc062723c751e8b465ee728b)  -> (artifact id: '7f05c8ce985340f265831fe0d5c28971') in 0.022065 seconds 
  Import took 0.025868 seconds .

========================================================================
Received Import Request.
  Time since last request: 0.000209 seconds.
  path: Assets/Packages/64 flat icons/png/128px/World_Flag.png
  artifactKey: Guid(6617273004a6b7b4589d17d98cac862e) Importer(815301076,1909f56bfc062723c751e8b465ee728b)
Start importing Assets/Packages/64 flat icons/png/128px/World_Flag.png using Guid(6617273004a6b7b4589d17d98cac862e) Importer(815301076,1909f56bfc062723c751e8b465ee728b)  -> (artifact id: '263315cf800c7a0537eb735e729dcf4c') in 0.023286 seconds 
  Import took 0.028066 seconds .

========================================================================
Received Import Request.
  Time since last request: 0.000224 seconds.
  path: Assets/Packages/64 flat icons/png/128px/Weapons_Bow.png
  artifactKey: Guid(088622662c426514d81d7de51e5d3090) Importer(815301076,1909f56bfc062723c751e8b465ee728b)
Start importing Assets/Packages/64 flat icons/png/128px/Weapons_Bow.png using Guid(088622662c426514d81d7de51e5d3090) Importer(815301076,1909f56bfc062723c751e8b465ee728b)  -> (artifact id: '04299e1ea7dc566cbfb893b7adc34fc6') in 0.023853 seconds 
  Import took 0.028944 seconds .

========================================================================
Received Import Request.
  Time since last request: 0.000215 seconds.
  path: Assets/Packages/64 flat icons/png/64px/Tools_Saw.png
  artifactKey: Guid(abe1c8a3d1413d541b8a247a0157e5e2) Importer(815301076,1909f56bfc062723c751e8b465ee728b)
Start importing Assets/Packages/64 flat icons/png/64px/Tools_Saw.png using Guid(abe1c8a3d1413d541b8a247a0157e5e2) Importer(815301076,1909f56bfc062723c751e8b465ee728b)  -> (artifact id: 'a584423bde8df88f4e142cc6731f5e6c') in 0.020201 seconds 
  Import took 0.024624 seconds .

========================================================================
Received Import Request.
  Time since last request: 0.000242 seconds.
  path: Assets/Packages/64 flat icons/png/64px/UI_Mouse.png
  artifactKey: Guid(7bd89bb5ec85b4e45a26707144625cf1) Importer(815301076,1909f56bfc062723c751e8b465ee728b)
Start importing Assets/Packages/64 flat icons/png/64px/UI_Mouse.png using Guid(7bd89bb5ec85b4e45a26707144625cf1) Importer(815301076,1909f56bfc062723c751e8b465ee728b)  -> (artifact id: 'c2690d0482b552996c9e43d2a344813c') in 0.022354 seconds 
  Import took 0.027345 seconds .

========================================================================
Received Import Request.
  Time since last request: 0.000266 seconds.
  path: Assets/Packages/64 flat icons/png/128px/Weapons_Sword.png
  artifactKey: Guid(a4eeb9c26c3c16e469eb5b1039512d80) Importer(815301076,1909f56bfc062723c751e8b465ee728b)
Start importing Assets/Packages/64 flat icons/png/128px/Weapons_Sword.png using Guid(a4eeb9c26c3c16e469eb5b1039512d80) Importer(815301076,1909f56bfc062723c751e8b465ee728b)  -> (artifact id: '650a8ce921a9bc8194767b198859726e') in 0.024169 seconds 
  Import took 0.028573 seconds .

========================================================================
Received Import Request.
  Time since last request: 0.000234 seconds.
  path: Assets/Packages/64 flat icons/png/64px/Rewards_Gift.png
  artifactKey: Guid(7ce6573d8cf26c2408d90d6ce34a7b6f) Importer(815301076,1909f56bfc062723c751e8b465ee728b)
Start importing Assets/Packages/64 flat icons/png/64px/Rewards_Gift.png using Guid(7ce6573d8cf26c2408d90d6ce34a7b6f) Importer(815301076,1909f56bfc062723c751e8b465ee728b)  -> (artifact id: '4ff9599e613258b38dd55dd0a934e94c') in 0.021113 seconds 
  Import took 0.025018 seconds .

========================================================================
Received Import Request.
  Time since last request: 0.000267 seconds.
  path: Assets/Packages/64 flat icons/png/128px/UI_Gamepad.png
  artifactKey: Guid(b9ce5ba43ad36ea4297fc0bc947f90b8) Importer(815301076,1909f56bfc062723c751e8b465ee728b)
Start importing Assets/Packages/64 flat icons/png/128px/UI_Gamepad.png using Guid(b9ce5ba43ad36ea4297fc0bc947f90b8) Importer(815301076,1909f56bfc062723c751e8b465ee728b)  -> (artifact id: '35f1f4dbecedcc320e6dae30e96694e9') in 0.023410 seconds 
  Import took 0.028538 seconds .

========================================================================
Received Import Request.
  Time since last request: 0.000298 seconds.
  path: Assets/Packages/64 flat icons/png/32px/UI_Keyboard.png
  artifactKey: Guid(e7b28c2ae16add6459495b14a4ae1902) Importer(815301076,1909f56bfc062723c751e8b465ee728b)
Start importing Assets/Packages/64 flat icons/png/32px/UI_Keyboard.png using Guid(e7b28c2ae16add6459495b14a4ae1902) Importer(815301076,1909f56bfc062723c751e8b465ee728b)  -> (artifact id: 'c03c0f8a2b6affe622faff03cf0aaa89') in 0.020896 seconds 
  Import took 0.025577 seconds .

========================================================================
Received Import Request.
  Time since last request: 0.000267 seconds.
  path: Assets/Packages/64 flat icons/png/32px/Weapons_Bomb.png
  artifactKey: Guid(04e9202a6e6f27249ad8982c34cbe6b4) Importer(815301076,1909f56bfc062723c751e8b465ee728b)
Start importing Assets/Packages/64 flat icons/png/32px/Weapons_Bomb.png using Guid(04e9202a6e6f27249ad8982c34cbe6b4) Importer(815301076,1909f56bfc062723c751e8b465ee728b)  -> (artifact id: 'a713ee5e2d5363a822cd03bff188f8f5') in 0.025492 seconds 
  Import took 0.030098 seconds .

========================================================================
Received Import Request.
  Time since last request: 0.000270 seconds.
  path: Assets/Packages/64 flat icons/png/32px/Weapons_Bow.png
  artifactKey: Guid(cfb51629e8afd754da237c5e9256c086) Importer(815301076,1909f56bfc062723c751e8b465ee728b)
Start importing Assets/Packages/64 flat icons/png/32px/Weapons_Bow.png using Guid(cfb51629e8afd754da237c5e9256c086) Importer(815301076,1909f56bfc062723c751e8b465ee728b)  -> (artifact id: 'c234684b70ca41a7243b212c669e1e4f') in 0.020504 seconds 
  Import took 0.024834 seconds .

========================================================================
Received Import Request.
  Time since last request: 0.000364 seconds.
  path: Assets/Packages/64 flat icons/png/32px/Weapons_Axe.png
  artifactKey: Guid(96e1acfdd39992540b21b31c6aba9330) Importer(815301076,1909f56bfc062723c751e8b465ee728b)
Start importing Assets/Packages/64 flat icons/png/32px/Weapons_Axe.png using Guid(96e1acfdd39992540b21b31c6aba9330) Importer(815301076,1909f56bfc062723c751e8b465ee728b)  -> (artifact id: 'ea0c3bd1826c142b2b1ad646fb29eec4') in 0.020327 seconds 
  Import took 0.025067 seconds .

========================================================================
Received Import Request.
  Time since last request: 0.000217 seconds.
  path: Assets/Packages/64 flat icons/png/32px/Rewards_MedalRibbon.png
  artifactKey: Guid(209af2259a4006e4395487afd3255907) Importer(815301076,1909f56bfc062723c751e8b465ee728b)
Start importing Assets/Packages/64 flat icons/png/32px/Rewards_MedalRibbon.png using Guid(209af2259a4006e4395487afd3255907) Importer(815301076,1909f56bfc062723c751e8b465ee728b)  -> (artifact id: '83924b30bdf21e872da01fb880e3de81') in 0.025650 seconds 
  Import took 0.029439 seconds .

========================================================================
Received Import Request.
  Time since last request: 0.000226 seconds.
  path: Assets/Packages/64 flat icons/png/64px/Weapons_Bomb.png
  artifactKey: Guid(60ad9b388a610d742b43170d2a71521a) Importer(815301076,1909f56bfc062723c751e8b465ee728b)
Start importing Assets/Packages/64 flat icons/png/64px/Weapons_Bomb.png using Guid(60ad9b388a610d742b43170d2a71521a) Importer(815301076,1909f56bfc062723c751e8b465ee728b)  -> (artifact id: 'a8105648b3a83f5736d88e58955f0327') in 0.021987 seconds 
  Import took 0.026480 seconds .

========================================================================
Received Import Request.
  Time since last request: 0.000223 seconds.
  path: Assets/Packages/64 flat icons/png/32px/Weapons_Staff.png
  artifactKey: Guid(87e366d86b50b4f4f918689c2197d928) Importer(815301076,1909f56bfc062723c751e8b465ee728b)
Start importing Assets/Packages/64 flat icons/png/32px/Weapons_Staff.png using Guid(87e366d86b50b4f4f918689c2197d928) Importer(815301076,1909f56bfc062723c751e8b465ee728b)  -> (artifact id: '151796e2474d7d40a274dfec86d90428') in 0.020948 seconds 
  Import took 0.025728 seconds .

========================================================================
Received Import Request.
  Time since last request: 0.000238 seconds.
  path: Assets/Packages/64 flat icons/png/128px/Tools_Hammer.png
  artifactKey: Guid(926cdad46da8d3946a06209965661efb) Importer(815301076,1909f56bfc062723c751e8b465ee728b)
Start importing Assets/Packages/64 flat icons/png/128px/Tools_Hammer.png using Guid(926cdad46da8d3946a06209965661efb) Importer(815301076,1909f56bfc062723c751e8b465ee728b)  -> (artifact id: '165e1987116c91262867c15eb7b02839') in 0.024194 seconds 
  Import took 0.028539 seconds .

========================================================================
Received Import Request.
  Time since last request: 0.000213 seconds.
  path: Assets/Packages/64 flat icons/png/64px/Weapons_Axe.png
  artifactKey: Guid(69fcfba021d62304aa89a5db967d6f57) Importer(815301076,1909f56bfc062723c751e8b465ee728b)
Start importing Assets/Packages/64 flat icons/png/64px/Weapons_Axe.png using Guid(69fcfba021d62304aa89a5db967d6f57) Importer(815301076,1909f56bfc062723c751e8b465ee728b)  -> (artifact id: '146372e7a0dedd5b4c750644eedc26e3') in 0.018818 seconds 
  Import took 0.023687 seconds .

========================================================================
Received Import Request.
  Time since last request: 0.000407 seconds.
  path: Assets/Packages/64 flat icons/png/64px/Rewards_MedalStar.png
  artifactKey: Guid(6972916f7989dbc47ae0525c59810fd3) Importer(815301076,1909f56bfc062723c751e8b465ee728b)
Start importing Assets/Packages/64 flat icons/png/64px/Rewards_MedalStar.png using Guid(6972916f7989dbc47ae0525c59810fd3) Importer(815301076,1909f56bfc062723c751e8b465ee728b)  -> (artifact id: '9adbc2d133c78264287cd0de260bcd2b') in 0.022100 seconds 
  Import took 0.026379 seconds .

========================================================================
Received Import Request.
  Time since last request: 0.000245 seconds.
  path: Assets/Packages/64 flat icons/png/128px/Weapons_Gun.png
  artifactKey: Guid(9458fd2dc64f01a489a78079e91ab19a) Importer(815301076,1909f56bfc062723c751e8b465ee728b)
Start importing Assets/Packages/64 flat icons/png/128px/Weapons_Gun.png using Guid(9458fd2dc64f01a489a78079e91ab19a) Importer(815301076,1909f56bfc062723c751e8b465ee728b)  -> (artifact id: 'f53bc227f63fbee90ec662b86c7f3285') in 0.025644 seconds 
  Import took 0.030656 seconds .

========================================================================
Received Import Request.
  Time since last request: 0.000220 seconds.
  path: Assets/Packages/64 flat icons/png/128px/Weapons_Staff.png
  artifactKey: Guid(8a9500c26a7c49542a1e04f0e9f95f64) Importer(815301076,1909f56bfc062723c751e8b465ee728b)
Start importing Assets/Packages/64 flat icons/png/128px/Weapons_Staff.png using Guid(8a9500c26a7c49542a1e04f0e9f95f64) Importer(815301076,1909f56bfc062723c751e8b465ee728b)  -> (artifact id: 'aa9f4b191eccbebf1d12a94f91f4c265') in 0.022709 seconds 
  Import took 0.026690 seconds .

========================================================================
Received Import Request.
  Time since last request: 0.000214 seconds.
  path: Assets/Packages/64 flat icons/png/64px/UI_Keyboard.png
  artifactKey: Guid(0b37ec0e154dcec4b95b9978b8967b96) Importer(815301076,1909f56bfc062723c751e8b465ee728b)
Start importing Assets/Packages/64 flat icons/png/64px/UI_Keyboard.png using Guid(0b37ec0e154dcec4b95b9978b8967b96) Importer(815301076,1909f56bfc062723c751e8b465ee728b)  -> (artifact id: '987dd8fb8c54890a750a55b9b21efe3d') in 0.020593 seconds 
  Import took 0.025352 seconds .

========================================================================
Received Import Request.
  Time since last request: 0.000222 seconds.
  path: Assets/Packages/64 flat icons/png/128px/UI_Mouse.png
  artifactKey: Guid(20192735b9c4d374ebf3ea826da9374c) Importer(815301076,1909f56bfc062723c751e8b465ee728b)
Start importing Assets/Packages/64 flat icons/png/128px/UI_Mouse.png using Guid(20192735b9c4d374ebf3ea826da9374c) Importer(815301076,1909f56bfc062723c751e8b465ee728b)  -> (artifact id: 'd18bfc895355edcaca71b1182d696e2c') in 0.022645 seconds 
  Import took 0.027203 seconds .

========================================================================
Received Import Request.
  Time since last request: 0.000223 seconds.
  path: Assets/Packages/64 flat icons/png/64px/Rewards_Diamond.png
  artifactKey: Guid(ac8c8515a64c22f43b3f53dd23019840) Importer(815301076,1909f56bfc062723c751e8b465ee728b)
Start importing Assets/Packages/64 flat icons/png/64px/Rewards_Diamond.png using Guid(ac8c8515a64c22f43b3f53dd23019840) Importer(815301076,1909f56bfc062723c751e8b465ee728b)  -> (artifact id: '1896cab6d2cdb4b5759e0eb72d07a8b6') in 0.022395 seconds 
  Import took 0.026480 seconds .

========================================================================
Received Import Request.
  Time since last request: 0.000317 seconds.
  path: Assets/Packages/64 flat icons/png/64px/Rewards_MedalRibbon.png
  artifactKey: Guid(f944feae885bd0048a80287de55c7259) Importer(815301076,1909f56bfc062723c751e8b465ee728b)
Start importing Assets/Packages/64 flat icons/png/64px/Rewards_MedalRibbon.png using Guid(f944feae885bd0048a80287de55c7259) Importer(815301076,1909f56bfc062723c751e8b465ee728b)  -> (artifact id: '742e964be4e1dd2c1c571377dbb48e96') in 0.021631 seconds 
  Import took 0.025576 seconds .

========================================================================
Received Import Request.
  Time since last request: 0.000194 seconds.
  path: Assets/Packages/64 flat icons/png/32px/Rewards_Gift.png
  artifactKey: Guid(0dfa48935c6017547ad61778d8177cdb) Importer(815301076,1909f56bfc062723c751e8b465ee728b)
Start importing Assets/Packages/64 flat icons/png/32px/Rewards_Gift.png using Guid(0dfa48935c6017547ad61778d8177cdb) Importer(815301076,1909f56bfc062723c751e8b465ee728b)  -> (artifact id: '30eed35303abfcdff7522ee1642fc1ea') in 0.020489 seconds 
  Import took 0.025203 seconds .

========================================================================
Received Import Request.
  Time since last request: 0.000288 seconds.
  path: Assets/Packages/64 flat icons/png/64px/Tools_Shovel.png
  artifactKey: Guid(2437f6c95fa62da4fa9606f03671a3d3) Importer(815301076,1909f56bfc062723c751e8b465ee728b)
Start importing Assets/Packages/64 flat icons/png/64px/Tools_Shovel.png using Guid(2437f6c95fa62da4fa9606f03671a3d3) Importer(815301076,1909f56bfc062723c751e8b465ee728b)  -> (artifact id: 'dc2748b90d424ce604d7c52ba4c77274') in 0.019960 seconds 
  Import took 0.024531 seconds .

========================================================================
Received Import Request.
  Time since last request: 0.000298 seconds.
  path: Assets/Packages/64 flat icons/png/32px/Tools_Hammer.png
  artifactKey: Guid(58d657f1a527ac14797f3052997c0482) Importer(815301076,1909f56bfc062723c751e8b465ee728b)
Start importing Assets/Packages/64 flat icons/png/32px/Tools_Hammer.png using Guid(58d657f1a527ac14797f3052997c0482) Importer(815301076,1909f56bfc062723c751e8b465ee728b)  -> (artifact id: '816a6f544465c617c5b05194d534d096') in 0.022648 seconds 
  Import took 0.027882 seconds .

========================================================================
Received Import Request.
  Time since last request: 761.393335 seconds.
  path: Assets/Prefabs/Bullet Hit.prefab
  artifactKey: Guid(a3c9ac55fffcb4b4996c2d6f5f8d3576) Importer(815301076,1909f56bfc062723c751e8b465ee728b)
Start importing Assets/Prefabs/Bullet Hit.prefab using Guid(a3c9ac55fffcb4b4996c2d6f5f8d3576) Importer(815301076,1909f56bfc062723c751e8b465ee728b)  -> (artifact id: '6f5042a0f28f94d4fb4bc7c98ad2255e') in 0.062043 seconds 
  Import took 0.067558 seconds .

========================================================================
Received Prepare
Registering precompiled user dll's ...
Registered in 0.011017 seconds.
Begin MonoManager ReloadAssembly
Native extension for WindowsStandalone target not found
Refreshing native plugins compatible for Editor in 1.19 ms, found 2 plugins.
Preloading 0 native plugins for Editor in 0.00 ms.
Mono: successfully reloaded assembly
- Completed reload, in  2.053 seconds
Domain Reload Profiling:
	ReloadAssembly (2054ms)
		BeginReloadAssembly (157ms)
			ExecutionOrderSort (0ms)
			DisableScriptedObjects (7ms)
			BackupInstance (0ms)
			ReleaseScriptingObjects (0ms)
			CreateAndSetChildDomain (59ms)
		EndReloadAssembly (1806ms)
			LoadAssemblies (136ms)
			RebuildTransferFunctionScriptingTraits (0ms)
			SetupTypeCache (491ms)
			ReleaseScriptCaches (1ms)
			RebuildScriptCaches (56ms)
			SetupLoadedEditorAssemblies (996ms)
				LogAssemblyErrors (0ms)
				InitializePlatformSupportModulesInManaged (6ms)
				SetLoadedEditorAssemblies (1ms)
				RefreshPlugins (1ms)
				BeforeProcessingInitializeOnLoad (98ms)
				ProcessInitializeOnLoadAttributes (781ms)
				ProcessInitializeOnLoadMethodAttributes (101ms)
				AfterProcessingInitializeOnLoad (8ms)
				EditorAssembliesLoaded (0ms)
			ExecutionOrderSort2 (0ms)
			AwakeInstancesAfterBackupRestoration (6ms)
Platform modules already initialized, skipping
Refreshing native plugins compatible for Editor in 1.09 ms, found 2 plugins.
Preloading 0 native plugins for Editor in 0.00 ms.
Unloading 2009 Unused Serialized files (Serialized files now loaded: 0)
System memory in use before: 125.4 MB.
System memory in use after: 125.5 MB.

Unloading 29 unused Assets to reduce memory usage. Loaded Objects now: 2524.
Total: 34.192100 ms (FindLiveObjects: 0.268400 ms CreateObjectMapping: 0.062600 ms MarkObjects: 33.752500 ms  DeleteObjects: 0.106000 ms)

AssetImportParameters requested are different than current active one (requested -> active):
  requireTextureImportCompression: false -> true
  custom:framework-win-MediaFoundation: 216162199b28c13a410421893ffa2e32 -> 
  custom:video-decoder-ogg-theora: a1e56fd34408186e4bbccfd4996cb3dc -> 
  custom:container-muxer-webm: aa71ff27fc2769a1b78a27578f13a17b -> 
  custom:container-demuxer-webm: 4f35f7cbe854078d1ac9338744f61a02 -> 
  custom:container-demuxer-ogg: 62fdf1f143b41e24485cea50d1cbac27 -> 
  custom:video-encoder-webm-vp8: eb34c28f22e8b96e1ab97ce403110664 -> 
  custom:video-decoder-webm-vp8: 9c59270c3fd7afecdb556c50c9e8de78 -> 
  custom:audio-decoder-ogg-vorbis: bf7c407c2cedff20999df2af8eb42d56 -> 
  custom:audio-encoder-webm-vorbis: bf7c407c2cedff20999df2af8eb42d56 -> 
========================================================================
Received Prepare
Registering precompiled user dll's ...
Registered in 0.014251 seconds.
Begin MonoManager ReloadAssembly
Native extension for WindowsStandalone target not found
Refreshing native plugins compatible for Editor in 1.39 ms, found 2 plugins.
Preloading 0 native plugins for Editor in 0.00 ms.
Mono: successfully reloaded assembly
- Completed reload, in  1.705 seconds
Domain Reload Profiling:
	ReloadAssembly (1705ms)
		BeginReloadAssembly (140ms)
			ExecutionOrderSort (0ms)
			DisableScriptedObjects (5ms)
			BackupInstance (0ms)
			ReleaseScriptingObjects (0ms)
			CreateAndSetChildDomain (55ms)
		EndReloadAssembly (1500ms)
			LoadAssemblies (95ms)
			RebuildTransferFunctionScriptingTraits (0ms)
			SetupTypeCache (363ms)
			ReleaseScriptCaches (1ms)
			RebuildScriptCaches (53ms)
			SetupLoadedEditorAssemblies (868ms)
				LogAssemblyErrors (0ms)
				InitializePlatformSupportModulesInManaged (4ms)
				SetLoadedEditorAssemblies (1ms)
				RefreshPlugins (2ms)
				BeforeProcessingInitializeOnLoad (83ms)
				ProcessInitializeOnLoadAttributes (672ms)
				ProcessInitializeOnLoadMethodAttributes (100ms)
				AfterProcessingInitializeOnLoad (7ms)
				EditorAssembliesLoaded (0ms)
			ExecutionOrderSort2 (0ms)
			AwakeInstancesAfterBackupRestoration (6ms)
Platform modules already initialized, skipping
Refreshing native plugins compatible for Editor in 1.10 ms, found 2 plugins.
Preloading 0 native plugins for Editor in 0.00 ms.
Unloading 2008 Unused Serialized files (Serialized files now loaded: 0)
System memory in use before: 125.4 MB.
System memory in use after: 125.5 MB.

Unloading 27 unused Assets to reduce memory usage. Loaded Objects now: 2526.
Total: 31.208100 ms (FindLiveObjects: 0.254300 ms CreateObjectMapping: 0.055700 ms MarkObjects: 30.859900 ms  DeleteObjects: 0.036200 ms)

AssetImportParameters requested are different than current active one (requested -> active):
  requireTextureImportCompression: false -> true
  custom:framework-win-MediaFoundation: 216162199b28c13a410421893ffa2e32 -> 
  custom:video-decoder-ogg-theora: a1e56fd34408186e4bbccfd4996cb3dc -> 
  custom:container-muxer-webm: aa71ff27fc2769a1b78a27578f13a17b -> 
  custom:container-demuxer-webm: 4f35f7cbe854078d1ac9338744f61a02 -> 
  custom:container-demuxer-ogg: 62fdf1f143b41e24485cea50d1cbac27 -> 
  custom:video-encoder-webm-vp8: eb34c28f22e8b96e1ab97ce403110664 -> 
  custom:video-decoder-webm-vp8: 9c59270c3fd7afecdb556c50c9e8de78 -> 
  custom:audio-decoder-ogg-vorbis: bf7c407c2cedff20999df2af8eb42d56 -> 
  custom:audio-encoder-webm-vorbis: bf7c407c2cedff20999df2af8eb42d56 -> 
========================================================================
Received Prepare
Registering precompiled user dll's ...
Registered in 0.012585 seconds.
Begin MonoManager ReloadAssembly
Native extension for WindowsStandalone target not found
Refreshing native plugins compatible for Editor in 1.73 ms, found 2 plugins.
Preloading 0 native plugins for Editor in 0.00 ms.
Mono: successfully reloaded assembly
- Completed reload, in  1.937 seconds
Domain Reload Profiling:
	ReloadAssembly (1938ms)
		BeginReloadAssembly (194ms)
			ExecutionOrderSort (0ms)
			DisableScriptedObjects (21ms)
			BackupInstance (0ms)
			ReleaseScriptingObjects (0ms)
			CreateAndSetChildDomain (66ms)
		EndReloadAssembly (1674ms)
			LoadAssemblies (106ms)
			RebuildTransferFunctionScriptingTraits (0ms)
			SetupTypeCache (372ms)
			ReleaseScriptCaches (1ms)
			RebuildScriptCaches (58ms)
			SetupLoadedEditorAssemblies (1010ms)
				LogAssemblyErrors (0ms)
				InitializePlatformSupportModulesInManaged (7ms)
				SetLoadedEditorAssemblies (1ms)
				RefreshPlugins (2ms)
				BeforeProcessingInitializeOnLoad (103ms)
				ProcessInitializeOnLoadAttributes (786ms)
				ProcessInitializeOnLoadMethodAttributes (104ms)
				AfterProcessingInitializeOnLoad (8ms)
				EditorAssembliesLoaded (0ms)
			ExecutionOrderSort2 (0ms)
			AwakeInstancesAfterBackupRestoration (6ms)
Platform modules already initialized, skipping
Refreshing native plugins compatible for Editor in 1.72 ms, found 2 plugins.
Preloading 0 native plugins for Editor in 0.00 ms.
Unloading 2008 Unused Serialized files (Serialized files now loaded: 0)
System memory in use before: 125.4 MB.
System memory in use after: 125.5 MB.

Unloading 27 unused Assets to reduce memory usage. Loaded Objects now: 2528.
Total: 33.546600 ms (FindLiveObjects: 0.280000 ms CreateObjectMapping: 0.054300 ms MarkObjects: 33.164600 ms  DeleteObjects: 0.044900 ms)

AssetImportParameters requested are different than current active one (requested -> active):
  requireTextureImportCompression: false -> true
  custom:framework-win-MediaFoundation: 216162199b28c13a410421893ffa2e32 -> 
  custom:video-decoder-ogg-theora: a1e56fd34408186e4bbccfd4996cb3dc -> 
  custom:container-muxer-webm: aa71ff27fc2769a1b78a27578f13a17b -> 
  custom:container-demuxer-webm: 4f35f7cbe854078d1ac9338744f61a02 -> 
  custom:container-demuxer-ogg: 62fdf1f143b41e24485cea50d1cbac27 -> 
  custom:video-encoder-webm-vp8: eb34c28f22e8b96e1ab97ce403110664 -> 
  custom:video-decoder-webm-vp8: 9c59270c3fd7afecdb556c50c9e8de78 -> 
  custom:audio-decoder-ogg-vorbis: bf7c407c2cedff20999df2af8eb42d56 -> 
  custom:audio-encoder-webm-vorbis: bf7c407c2cedff20999df2af8eb42d56 -> 
========================================================================
Received Prepare
Registering precompiled user dll's ...
Registered in 0.013770 seconds.
Begin MonoManager ReloadAssembly
Native extension for WindowsStandalone target not found
Refreshing native plugins compatible for Editor in 1.69 ms, found 2 plugins.
Preloading 0 native plugins for Editor in 0.00 ms.
Mono: successfully reloaded assembly
- Completed reload, in  1.916 seconds
Domain Reload Profiling:
	ReloadAssembly (1917ms)
		BeginReloadAssembly (169ms)
			ExecutionOrderSort (0ms)
			DisableScriptedObjects (5ms)
			BackupInstance (0ms)
			ReleaseScriptingObjects (0ms)
			CreateAndSetChildDomain (65ms)
		EndReloadAssembly (1672ms)
			LoadAssemblies (113ms)
			RebuildTransferFunctionScriptingTraits (0ms)
			SetupTypeCache (363ms)
			ReleaseScriptCaches (1ms)
			RebuildScriptCaches (56ms)
			SetupLoadedEditorAssemblies (1020ms)
				LogAssemblyErrors (0ms)
				InitializePlatformSupportModulesInManaged (5ms)
				SetLoadedEditorAssemblies (1ms)
				RefreshPlugins (2ms)
				BeforeProcessingInitializeOnLoad (98ms)
				ProcessInitializeOnLoadAttributes (773ms)
				ProcessInitializeOnLoadMethodAttributes (132ms)
				AfterProcessingInitializeOnLoad (8ms)
				EditorAssembliesLoaded (1ms)
			ExecutionOrderSort2 (0ms)
			AwakeInstancesAfterBackupRestoration (11ms)
Platform modules already initialized, skipping
Refreshing native plugins compatible for Editor in 1.09 ms, found 2 plugins.
Preloading 0 native plugins for Editor in 0.00 ms.
Unloading 2008 Unused Serialized files (Serialized files now loaded: 0)
System memory in use before: 125.4 MB.
System memory in use after: 125.5 MB.

Unloading 27 unused Assets to reduce memory usage. Loaded Objects now: 2530.
Total: 32.259300 ms (FindLiveObjects: 0.255300 ms CreateObjectMapping: 0.055400 ms MarkObjects: 31.898900 ms  DeleteObjects: 0.047500 ms)

AssetImportParameters requested are different than current active one (requested -> active):
  requireTextureImportCompression: false -> true
  custom:framework-win-MediaFoundation: 216162199b28c13a410421893ffa2e32 -> 
  custom:video-decoder-ogg-theora: a1e56fd34408186e4bbccfd4996cb3dc -> 
  custom:container-muxer-webm: aa71ff27fc2769a1b78a27578f13a17b -> 
  custom:container-demuxer-webm: 4f35f7cbe854078d1ac9338744f61a02 -> 
  custom:container-demuxer-ogg: 62fdf1f143b41e24485cea50d1cbac27 -> 
  custom:video-encoder-webm-vp8: eb34c28f22e8b96e1ab97ce403110664 -> 
  custom:video-decoder-webm-vp8: 9c59270c3fd7afecdb556c50c9e8de78 -> 
  custom:audio-decoder-ogg-vorbis: bf7c407c2cedff20999df2af8eb42d56 -> 
  custom:audio-encoder-webm-vorbis: bf7c407c2cedff20999df2af8eb42d56 -> 
========================================================================
Received Prepare
Registering precompiled user dll's ...
Registered in 0.014765 seconds.
Begin MonoManager ReloadAssembly
Native extension for WindowsStandalone target not found
Refreshing native plugins compatible for Editor in 1.59 ms, found 2 plugins.
Preloading 0 native plugins for Editor in 0.00 ms.
Mono: successfully reloaded assembly
- Completed reload, in  1.863 seconds
Domain Reload Profiling:
	ReloadAssembly (1863ms)
		BeginReloadAssembly (152ms)
			ExecutionOrderSort (0ms)
			DisableScriptedObjects (6ms)
			BackupInstance (0ms)
			ReleaseScriptingObjects (0ms)
			CreateAndSetChildDomain (58ms)
		EndReloadAssembly (1638ms)
			LoadAssemblies (104ms)
			RebuildTransferFunctionScriptingTraits (0ms)
			SetupTypeCache (374ms)
			ReleaseScriptCaches (1ms)
			RebuildScriptCaches (60ms)
			SetupLoadedEditorAssemblies (972ms)
				LogAssemblyErrors (0ms)
				InitializePlatformSupportModulesInManaged (4ms)
				SetLoadedEditorAssemblies (1ms)
				RefreshPlugins (2ms)
				BeforeProcessingInitializeOnLoad (87ms)
				ProcessInitializeOnLoadAttributes (762ms)
				ProcessInitializeOnLoadMethodAttributes (108ms)
				AfterProcessingInitializeOnLoad (8ms)
				EditorAssembliesLoaded (0ms)
			ExecutionOrderSort2 (0ms)
			AwakeInstancesAfterBackupRestoration (7ms)
Platform modules already initialized, skipping
Refreshing native plugins compatible for Editor in 1.15 ms, found 2 plugins.
Preloading 0 native plugins for Editor in 0.00 ms.
Unloading 2008 Unused Serialized files (Serialized files now loaded: 0)
System memory in use before: 125.3 MB.
System memory in use after: 125.5 MB.

Unloading 27 unused Assets to reduce memory usage. Loaded Objects now: 2532.
Total: 31.734900 ms (FindLiveObjects: 0.383700 ms CreateObjectMapping: 0.074200 ms MarkObjects: 31.235100 ms  DeleteObjects: 0.039400 ms)

AssetImportParameters requested are different than current active one (requested -> active):
  requireTextureImportCompression: false -> true
  custom:framework-win-MediaFoundation: 216162199b28c13a410421893ffa2e32 -> 
  custom:video-decoder-ogg-theora: a1e56fd34408186e4bbccfd4996cb3dc -> 
  custom:container-muxer-webm: aa71ff27fc2769a1b78a27578f13a17b -> 
  custom:container-demuxer-webm: 4f35f7cbe854078d1ac9338744f61a02 -> 
  custom:container-demuxer-ogg: 62fdf1f143b41e24485cea50d1cbac27 -> 
  custom:video-encoder-webm-vp8: eb34c28f22e8b96e1ab97ce403110664 -> 
  custom:video-decoder-webm-vp8: 9c59270c3fd7afecdb556c50c9e8de78 -> 
  custom:audio-decoder-ogg-vorbis: bf7c407c2cedff20999df2af8eb42d56 -> 
  custom:audio-encoder-webm-vorbis: bf7c407c2cedff20999df2af8eb42d56 -> 
========================================================================
Received Prepare
Registering precompiled user dll's ...
Registered in 0.013343 seconds.
Begin MonoManager ReloadAssembly
Native extension for WindowsStandalone target not found
Refreshing native plugins compatible for Editor in 1.73 ms, found 2 plugins.
Preloading 0 native plugins for Editor in 0.00 ms.
Mono: successfully reloaded assembly
- Completed reload, in  1.826 seconds
Domain Reload Profiling:
	ReloadAssembly (1827ms)
		BeginReloadAssembly (154ms)
			ExecutionOrderSort (0ms)
			DisableScriptedObjects (5ms)
			BackupInstance (0ms)
			ReleaseScriptingObjects (0ms)
			CreateAndSetChildDomain (62ms)
		EndReloadAssembly (1605ms)
			LoadAssemblies (102ms)
			RebuildTransferFunctionScriptingTraits (0ms)
			SetupTypeCache (383ms)
			ReleaseScriptCaches (1ms)
			RebuildScriptCaches (54ms)
			SetupLoadedEditorAssemblies (952ms)
				LogAssemblyErrors (0ms)
				InitializePlatformSupportModulesInManaged (7ms)
				SetLoadedEditorAssemblies (1ms)
				RefreshPlugins (2ms)
				BeforeProcessingInitializeOnLoad (95ms)
				ProcessInitializeOnLoadAttributes (727ms)
				ProcessInitializeOnLoadMethodAttributes (112ms)
				AfterProcessingInitializeOnLoad (8ms)
				EditorAssembliesLoaded (1ms)
			ExecutionOrderSort2 (0ms)
			AwakeInstancesAfterBackupRestoration (7ms)
Platform modules already initialized, skipping
Refreshing native plugins compatible for Editor in 1.47 ms, found 2 plugins.
Preloading 0 native plugins for Editor in 0.00 ms.
Unloading 2008 Unused Serialized files (Serialized files now loaded: 0)
System memory in use before: 125.5 MB.
System memory in use after: 125.6 MB.

Unloading 27 unused Assets to reduce memory usage. Loaded Objects now: 2534.
Total: 32.249200 ms (FindLiveObjects: 0.275600 ms CreateObjectMapping: 0.062400 ms MarkObjects: 31.866700 ms  DeleteObjects: 0.042100 ms)

AssetImportParameters requested are different than current active one (requested -> active):
  requireTextureImportCompression: false -> true
  custom:framework-win-MediaFoundation: 216162199b28c13a410421893ffa2e32 -> 
  custom:video-decoder-ogg-theora: a1e56fd34408186e4bbccfd4996cb3dc -> 
  custom:container-muxer-webm: aa71ff27fc2769a1b78a27578f13a17b -> 
  custom:container-demuxer-webm: 4f35f7cbe854078d1ac9338744f61a02 -> 
  custom:container-demuxer-ogg: 62fdf1f143b41e24485cea50d1cbac27 -> 
  custom:video-encoder-webm-vp8: eb34c28f22e8b96e1ab97ce403110664 -> 
  custom:video-decoder-webm-vp8: 9c59270c3fd7afecdb556c50c9e8de78 -> 
  custom:audio-decoder-ogg-vorbis: bf7c407c2cedff20999df2af8eb42d56 -> 
  custom:audio-encoder-webm-vorbis: bf7c407c2cedff20999df2af8eb42d56 -> 
========================================================================
Received Import Request.
  Time since last request: 297.419982 seconds.
  path: Assets/Prefabs/NPC.prefab
  artifactKey: Guid(fd59b4e73aa0f9b48b4ba98fc67e643b) Importer(815301076,1909f56bfc062723c751e8b465ee728b)
Start importing Assets/Prefabs/NPC.prefab using Guid(fd59b4e73aa0f9b48b4ba98fc67e643b) Importer(815301076,1909f56bfc062723c751e8b465ee728b)  -> (artifact id: '840f4c60138cf181b412e1f48f41e493') in 0.172546 seconds 
  Import took 0.181492 seconds .

========================================================================
Received Import Request.
  Time since last request: 25.260056 seconds.
  path: Assets/Prefabs/NPC.prefab
  artifactKey: Guid(fd59b4e73aa0f9b48b4ba98fc67e643b) Importer(815301076,1909f56bfc062723c751e8b465ee728b)
Start importing Assets/Prefabs/NPC.prefab using Guid(fd59b4e73aa0f9b48b4ba98fc67e643b) Importer(815301076,1909f56bfc062723c751e8b465ee728b)  -> (artifact id: '9b8479f839cd48a7153fbe4ab6ecae22') in 0.063738 seconds 
  Import took 0.070758 seconds .

========================================================================
Received Import Request.
  Time since last request: 3.591943 seconds.
  path: Assets/Packages/Low Poly FPS Pack - Free (Sample)/Components/Meshes/Guns/Assault_Rifle_01/assault_rifle_01.fbx
  artifactKey: Guid(4974c3aa5aa3dca4e847ca65904285a1) Importer(815301076,1909f56bfc062723c751e8b465ee728b)
Start importing Assets/Packages/Low Poly FPS Pack - Free (Sample)/Components/Meshes/Guns/Assault_Rifle_01/assault_rifle_01.fbx using Guid(4974c3aa5aa3dca4e847ca65904285a1) Importer(815301076,1909f56bfc062723c751e8b465ee728b)  -> (artifact id: '4956b1018d33e25b06af184fa7a03120') in 0.139837 seconds 
  Import took 0.145508 seconds .

========================================================================
Received Import Request.
  Time since last request: 0.000258 seconds.
  path: Assets/Packages/Low Poly FPS Pack - Free (Sample)/Components/Meshes/Mags/Assault_Rifle_01_Mags/assault_rifle_01_mag_full.fbx
  artifactKey: Guid(e519d1fbc0246af438bb647b352d141f) Importer(815301076,1909f56bfc062723c751e8b465ee728b)
Start importing Assets/Packages/Low Poly FPS Pack - Free (Sample)/Components/Meshes/Mags/Assault_Rifle_01_Mags/assault_rifle_01_mag_full.fbx using Guid(e519d1fbc0246af438bb647b352d141f) Importer(815301076,1909f56bfc062723c751e8b465ee728b)  -> (artifact id: '7bf50de6f212a12dee1305b884aa4b80') in 0.047480 seconds 
  Import took 0.052252 seconds .

========================================================================
Received Import Request.
  Time since last request: 0.000261 seconds.
  path: Assets/Packages/Low Poly FPS Pack - Free (Sample)/Components/Meshes/Bullets_&_Casings/big_bullet_casing.fbx
  artifactKey: Guid(497b83bec4126e148b7f98358415699f) Importer(815301076,1909f56bfc062723c751e8b465ee728b)
Start importing Assets/Packages/Low Poly FPS Pack - Free (Sample)/Components/Meshes/Bullets_&_Casings/big_bullet_casing.fbx using Guid(497b83bec4126e148b7f98358415699f) Importer(815301076,1909f56bfc062723c751e8b465ee728b)  -> (artifact id: '7d1e6323541f96c09ef3c86e3f262035') in 0.051636 seconds 
  Import took 0.056490 seconds .

========================================================================
Received Import Request.
  Time since last request: 0.000262 seconds.
  path: Assets/Packages/StarterAssets/Environment/Art/Models/Ground_Mesh.fbx
  artifactKey: Guid(aa38d7b0e367ecc4aac915dcfe957879) Importer(815301076,1909f56bfc062723c751e8b465ee728b)
Start importing Assets/Packages/StarterAssets/Environment/Art/Models/Ground_Mesh.fbx using Guid(aa38d7b0e367ecc4aac915dcfe957879) Importer(815301076,1909f56bfc062723c751e8b465ee728b)  -> (artifact id: 'd257240f33719b04165bc8e98212062c') in 0.065680 seconds 
  Import took 0.070162 seconds .

========================================================================
Received Import Request.
  Time since last request: 0.000251 seconds.
  path: Assets/Packages/StarterAssets/Environment/Art/Models/Tunnel_Mesh.fbx
  artifactKey: Guid(f712806514868e54699156ec05dcb749) Importer(815301076,1909f56bfc062723c751e8b465ee728b)
Start importing Assets/Packages/StarterAssets/Environment/Art/Models/Tunnel_Mesh.fbx using Guid(f712806514868e54699156ec05dcb749) Importer(815301076,1909f56bfc062723c751e8b465ee728b)  -> (artifact id: 'a38a256e4093b5e2fa57038d5f8b9c08') in 0.058441 seconds 
  Import took 0.066140 seconds .

========================================================================
Received Import Request.
  Time since last request: 0.000062 seconds.
  path: Assets/Packages/Low Poly FPS Pack - Free (Sample)/Components/Meshes/Mags/Assault_Rifle_01_Mags/assault_rifle_01_mag_empty.fbx
  artifactKey: Guid(916efe20fd3c2e64d9def61ee6c3d381) Importer(815301076,1909f56bfc062723c751e8b465ee728b)
Start importing Assets/Packages/Low Poly FPS Pack - Free (Sample)/Components/Meshes/Mags/Assault_Rifle_01_Mags/assault_rifle_01_mag_empty.fbx using Guid(916efe20fd3c2e64d9def61ee6c3d381) Importer(815301076,1909f56bfc062723c751e8b465ee728b)  -> (artifact id: '470a12f9641087760b9dac1788759afb') in 0.059653 seconds 
  Import took 0.065873 seconds .

========================================================================
Received Import Request.
  Time since last request: 0.000307 seconds.
  path: Assets/Packages/Low Poly FPS Pack - Free (Sample)/Components/Meshes/Bullets_&_Casings/big_bullet.fbx
  artifactKey: Guid(e3e3b2d021fa80a488a48fcd984ef279) Importer(815301076,1909f56bfc062723c751e8b465ee728b)
Start importing Assets/Packages/Low Poly FPS Pack - Free (Sample)/Components/Meshes/Bullets_&_Casings/big_bullet.fbx using Guid(e3e3b2d021fa80a488a48fcd984ef279) Importer(815301076,1909f56bfc062723c751e8b465ee728b)  -> (artifact id: 'ab38c424c6f5a9c5a55a10028af770e1') in 0.054998 seconds 
  Import took 0.061172 seconds .

========================================================================
Received Import Request.
  Time since last request: 0.000341 seconds.
  path: Assets/Packages/StarterAssets/Environment/Art/Models/Box_350x250x200_Mesh.fbx
  artifactKey: Guid(c6a55ba99e9e99d41b7eef123e311a43) Importer(815301076,1909f56bfc062723c751e8b465ee728b)
Start importing Assets/Packages/StarterAssets/Environment/Art/Models/Box_350x250x200_Mesh.fbx using Guid(c6a55ba99e9e99d41b7eef123e311a43) Importer(815301076,1909f56bfc062723c751e8b465ee728b)  -> (artifact id: '97fdcef659932f0037483476e4a84857') in 0.040695 seconds 
  Import took 0.046404 seconds .

========================================================================
Received Import Request.
  Time since last request: 0.000191 seconds.
  path: Assets/Packages/StarterAssets/Environment/Art/Models/Box_350x250x300_Mesh.fbx
  artifactKey: Guid(d2f0da3998423f44594868ffed55c3e6) Importer(815301076,1909f56bfc062723c751e8b465ee728b)
Start importing Assets/Packages/StarterAssets/Environment/Art/Models/Box_350x250x300_Mesh.fbx using Guid(d2f0da3998423f44594868ffed55c3e6) Importer(815301076,1909f56bfc062723c751e8b465ee728b)  -> (artifact id: '3cef72fc39d7c7d44dfcf4e67fc64d56') in 0.038113 seconds 
  Import took 0.042519 seconds .

========================================================================
Received Prepare
Registering precompiled user dll's ...
Registered in 0.011961 seconds.
Begin MonoManager ReloadAssembly
Native extension for WindowsStandalone target not found
Refreshing native plugins compatible for Editor in 1.68 ms, found 2 plugins.
Preloading 0 native plugins for Editor in 0.00 ms.
Mono: successfully reloaded assembly
- Completed reload, in  2.131 seconds
Domain Reload Profiling:
	ReloadAssembly (2132ms)
		BeginReloadAssembly (144ms)
			ExecutionOrderSort (0ms)
			DisableScriptedObjects (5ms)
			BackupInstance (0ms)
			ReleaseScriptingObjects (0ms)
			CreateAndSetChildDomain (63ms)
		EndReloadAssembly (1917ms)
			LoadAssemblies (101ms)
			RebuildTransferFunctionScriptingTraits (0ms)
			SetupTypeCache (427ms)
			ReleaseScriptCaches (2ms)
			RebuildScriptCaches (88ms)
			SetupLoadedEditorAssemblies (1156ms)
				LogAssemblyErrors (0ms)
				InitializePlatformSupportModulesInManaged (5ms)
				SetLoadedEditorAssemblies (1ms)
				RefreshPlugins (2ms)
				BeforeProcessingInitializeOnLoad (89ms)
				ProcessInitializeOnLoadAttributes (911ms)
				ProcessInitializeOnLoadMethodAttributes (134ms)
				AfterProcessingInitializeOnLoad (14ms)
				EditorAssembliesLoaded (1ms)
			ExecutionOrderSort2 (0ms)
			AwakeInstancesAfterBackupRestoration (8ms)
Platform modules already initialized, skipping
Refreshing native plugins compatible for Editor in 1.14 ms, found 2 plugins.
Preloading 0 native plugins for Editor in 0.00 ms.
Unloading 2008 Unused Serialized files (Serialized files now loaded: 0)
System memory in use before: 139.4 MB.
System memory in use after: 139.6 MB.

Unloading 27 unused Assets to reduce memory usage. Loaded Objects now: 2574.
Total: 35.229400 ms (FindLiveObjects: 0.278800 ms CreateObjectMapping: 0.050900 ms MarkObjects: 34.832300 ms  DeleteObjects: 0.065200 ms)

AssetImportParameters requested are different than current active one (requested -> active):
  requireTextureImportCompression: false -> true
  custom:framework-win-MediaFoundation: 216162199b28c13a410421893ffa2e32 -> 
  custom:video-decoder-ogg-theora: a1e56fd34408186e4bbccfd4996cb3dc -> 
  custom:container-muxer-webm: aa71ff27fc2769a1b78a27578f13a17b -> 
  custom:container-demuxer-webm: 4f35f7cbe854078d1ac9338744f61a02 -> 
  custom:container-demuxer-ogg: 62fdf1f143b41e24485cea50d1cbac27 -> 
  custom:video-encoder-webm-vp8: eb34c28f22e8b96e1ab97ce403110664 -> 
  custom:video-decoder-webm-vp8: 9c59270c3fd7afecdb556c50c9e8de78 -> 
  custom:audio-decoder-ogg-vorbis: bf7c407c2cedff20999df2af8eb42d56 -> 
  custom:audio-encoder-webm-vorbis: bf7c407c2cedff20999df2af8eb42d56 -> 
